c:\github\tkengine2\sample\sample_05\tkengine\effekseerruntime130\src\effekseerrendererdx11\debug\effekseerrenderer.ddstextureloader.obj
c:\github\tkengine2\sample\sample_05\tkengine\effekseerruntime130\src\effekseerrendererdx11\debug\effekseerrenderer.renderer.obj
c:\github\tkengine2\sample\sample_05\tkengine\effekseerruntime130\src\effekseerrendererdx11\debug\effekseerrenderer.ringrendererbase.obj
c:\github\tkengine2\sample\sample_05\tkengine\effekseerruntime130\src\effekseerrendererdx11\debug\effekseerrendererdx11.deviceobject.obj
c:\github\tkengine2\sample\sample_05\tkengine\effekseerruntime130\src\effekseerrendererdx11\debug\effekseerrendererdx11.renderer.obj
c:\github\tkengine2\sample\sample_05\tkengine\effekseerruntime130\src\effekseerrendererdx11\debug\effekseerrenderer.indexbufferbase.obj
c:\github\tkengine2\sample\sample_05\tkengine\effekseerruntime130\src\effekseerrendererdx11\debug\effekseerrenderer.pngtextureloader.obj
c:\github\tkengine2\sample\sample_05\tkengine\effekseerruntime130\src\effekseerrendererdx11\debug\effekseerrenderer.vertexbufferbase.obj
c:\github\tkengine2\sample\sample_05\tkengine\effekseerruntime130\src\effekseerrendererdx11\debug\effekseerrendererdx11.modelrenderer.obj
c:\github\tkengine2\sample\sample_05\tkengine\effekseerruntime130\src\effekseerrendererdx11\debug\effekseerrendererdx11.textureloader.obj
c:\github\tkengine2\sample\sample_05\tkengine\effekseerruntime130\src\effekseerrendererdx11\debug\effekseerrenderer.dxtk.ddstextureloader.obj
c:\github\tkengine2\sample\sample_05\tkengine\effekseerruntime130\src\effekseerrendererdx11\debug\effekseerrenderer.renderstatebase.obj
c:\github\tkengine2\sample\sample_05\tkengine\effekseerruntime130\src\effekseerrendererdx11\debug\effekseerrenderer.spriterendererbase.obj
c:\github\tkengine2\sample\sample_05\tkengine\effekseerruntime130\src\effekseerrendererdx11\debug\effekseerrendererdx11.indexbuffer.obj
c:\github\tkengine2\sample\sample_05\tkengine\effekseerruntime130\src\effekseerrendererdx11\debug\effekseerrendererdx11.renderstate.obj
c:\github\tkengine2\sample\sample_05\tkengine\effekseerruntime130\src\effekseerrendererdx11\debug\effekseerrendererdx11.vertexbuffer.obj
c:\github\tkengine2\sample\sample_05\tkengine\effekseerruntime130\src\effekseerrendererdx11\debug\effekseerrenderer.modelrendererbase.obj
c:\github\tkengine2\sample\sample_05\tkengine\effekseerruntime130\src\effekseerrendererdx11\debug\effekseerrenderer.ribbonrendererbase.obj
c:\github\tkengine2\sample\sample_05\tkengine\effekseerruntime130\src\effekseerrendererdx11\debug\effekseerrenderer.trackrendererbase.obj
c:\github\tkengine2\sample\sample_05\tkengine\effekseerruntime130\src\effekseerrendererdx11\debug\effekseerrendererdx11.modelloader.obj
c:\github\tkengine2\sample\sample_05\tkengine\effekseerruntime130\src\effekseerrendererdx11\debug\effekseerrendererdx11.shader.obj
c:\github\tkengine2\sample\demogame_00\tkengine\effekseerruntime130\src\effekseerrendererdx11\debug\effekseerrenderer.indexbufferbase.obj
c:\github\tkengine2\sample\demogame_00\tkengine\effekseerruntime130\src\effekseerrendererdx11\debug\effekseerrenderer.pngtextureloader.obj
c:\github\tkengine2\sample\demogame_00\tkengine\effekseerruntime130\src\effekseerrendererdx11\debug\effekseerrendererdx11.deviceobject.obj
c:\github\tkengine2\sample\demogame_00\tkengine\effekseerruntime130\src\effekseerrendererdx11\debug\effekseerrendererdx11.renderer.obj
c:\github\tkengine2\sample\demogame_00\tkengine\effekseerruntime130\src\effekseerrendererdx11\debug\effekseerrendererdx11.vertexbuffer.obj
c:\github\tkengine2\sample\demogame_00\tkengine\effekseerruntime130\src\effekseerrendererdx11\debug\effekseerrenderer.modelrendererbase.obj
c:\github\tkengine2\sample\demogame_00\tkengine\effekseerruntime130\src\effekseerrendererdx11\debug\effekseerrenderer.ribbonrendererbase.obj
c:\github\tkengine2\sample\demogame_00\tkengine\effekseerruntime130\src\effekseerrendererdx11\debug\effekseerrenderer.spriterendererbase.obj
c:\github\tkengine2\sample\demogame_00\tkengine\effekseerruntime130\src\effekseerrendererdx11\debug\effekseerrendererdx11.modelloader.obj
c:\github\tkengine2\sample\demogame_00\tkengine\effekseerruntime130\src\effekseerrendererdx11\debug\effekseerrendererdx11.shader.obj
c:\github\tkengine2\sample\demogame_00\tkengine\effekseerruntime130\src\effekseerrendererdx11\debug\effekseerrenderer.ddstextureloader.obj
c:\github\tkengine2\sample\demogame_00\tkengine\effekseerruntime130\src\effekseerrendererdx11\debug\effekseerrenderer.renderer.obj
c:\github\tkengine2\sample\demogame_00\tkengine\effekseerruntime130\src\effekseerrendererdx11\debug\effekseerrenderer.ringrendererbase.obj
c:\github\tkengine2\sample\demogame_00\tkengine\effekseerruntime130\src\effekseerrendererdx11\debug\effekseerrenderer.vertexbufferbase.obj
c:\github\tkengine2\sample\demogame_00\tkengine\effekseerruntime130\src\effekseerrendererdx11\debug\effekseerrendererdx11.modelrenderer.obj
c:\github\tkengine2\sample\demogame_00\tkengine\effekseerruntime130\src\effekseerrendererdx11\debug\effekseerrendererdx11.textureloader.obj
c:\github\tkengine2\sample\demogame_00\tkengine\effekseerruntime130\src\effekseerrendererdx11\debug\effekseerrenderer.dxtk.ddstextureloader.obj
c:\github\tkengine2\sample\demogame_00\tkengine\effekseerruntime130\src\effekseerrendererdx11\debug\effekseerrenderer.renderstatebase.obj
c:\github\tkengine2\sample\demogame_00\tkengine\effekseerruntime130\src\effekseerrendererdx11\debug\effekseerrenderer.trackrendererbase.obj
c:\github\tkengine2\sample\demogame_00\tkengine\effekseerruntime130\src\effekseerrendererdx11\debug\effekseerrendererdx11.indexbuffer.obj
c:\github\tkengine2\sample\demogame_00\tkengine\effekseerruntime130\src\effekseerrendererdx11\debug\effekseerrendererdx11.renderstate.obj
c:\github\tkengine2\sample\sample_01\tkengine\effekseerruntime130\src\effekseerrendererdx11\debug\effekseerrenderer.dxtk.ddstextureloader.obj
c:\github\tkengine2\sample\sample_01\tkengine\effekseerruntime130\src\effekseerrendererdx11\debug\effekseerrenderer.renderstatebase.obj
c:\github\tkengine2\sample\sample_01\tkengine\effekseerruntime130\src\effekseerrendererdx11\debug\effekseerrenderer.spriterendererbase.obj
c:\github\tkengine2\sample\sample_01\tkengine\effekseerruntime130\src\effekseerrendererdx11\debug\effekseerrendererdx11.indexbuffer.obj
c:\github\tkengine2\sample\sample_01\tkengine\effekseerruntime130\src\effekseerrendererdx11\debug\effekseerrendererdx11.renderer.obj
c:\github\tkengine2\sample\sample_01\tkengine\effekseerruntime130\src\effekseerrendererdx11\debug\effekseerrenderer.indexbufferbase.obj
c:\github\tkengine2\sample\sample_01\tkengine\effekseerruntime130\src\effekseerrendererdx11\debug\effekseerrenderer.pngtextureloader.obj
c:\github\tkengine2\sample\sample_01\tkengine\effekseerruntime130\src\effekseerrendererdx11\debug\effekseerrenderer.vertexbufferbase.obj
c:\github\tkengine2\sample\sample_01\tkengine\effekseerruntime130\src\effekseerrendererdx11\debug\effekseerrendererdx11.modelrenderer.obj
c:\github\tkengine2\sample\sample_01\tkengine\effekseerruntime130\src\effekseerrendererdx11\debug\effekseerrendererdx11.textureloader.obj
c:\github\tkengine2\sample\sample_01\tkengine\effekseerruntime130\src\effekseerrendererdx11\debug\effekseerrenderer.ddstextureloader.obj
c:\github\tkengine2\sample\sample_01\tkengine\effekseerruntime130\src\effekseerrendererdx11\debug\effekseerrenderer.renderer.obj
c:\github\tkengine2\sample\sample_01\tkengine\effekseerruntime130\src\effekseerrendererdx11\debug\effekseerrenderer.ringrendererbase.obj
c:\github\tkengine2\sample\sample_01\tkengine\effekseerruntime130\src\effekseerrendererdx11\debug\effekseerrendererdx11.deviceobject.obj
c:\github\tkengine2\sample\sample_01\tkengine\effekseerruntime130\src\effekseerrendererdx11\debug\effekseerrendererdx11.renderstate.obj
c:\github\tkengine2\sample\sample_01\tkengine\effekseerruntime130\src\effekseerrendererdx11\debug\effekseerrendererdx11.vertexbuffer.obj
c:\github\tkengine2\sample\sample_01\tkengine\effekseerruntime130\src\effekseerrendererdx11\debug\effekseerrenderer.modelrendererbase.obj
c:\github\tkengine2\sample\sample_01\tkengine\effekseerruntime130\src\effekseerrendererdx11\debug\effekseerrenderer.ribbonrendererbase.obj
c:\github\tkengine2\sample\sample_01\tkengine\effekseerruntime130\src\effekseerrendererdx11\debug\effekseerrenderer.trackrendererbase.obj
c:\github\tkengine2\sample\sample_01\tkengine\effekseerruntime130\src\effekseerrendererdx11\debug\effekseerrendererdx11.modelloader.obj
c:\github\tkengine2\sample\sample_01\tkengine\effekseerruntime130\src\effekseerrendererdx11\debug\effekseerrendererdx11.shader.obj
c:\github\tkengine2\sample\sample_02\tkengine\effekseerruntime130\src\effekseerrendererdx11\debug\effekseerrenderer.modelrendererbase.obj
c:\github\tkengine2\sample\sample_02\tkengine\effekseerruntime130\src\effekseerrendererdx11\debug\effekseerrenderer.ribbonrendererbase.obj
c:\github\tkengine2\sample\sample_02\tkengine\effekseerruntime130\src\effekseerrendererdx11\debug\effekseerrenderer.vertexbufferbase.obj
c:\github\tkengine2\sample\sample_02\tkengine\effekseerruntime130\src\effekseerrendererdx11\debug\effekseerrendererdx11.modelloader.obj
c:\github\tkengine2\sample\sample_02\tkengine\effekseerruntime130\src\effekseerrendererdx11\debug\effekseerrendererdx11.renderstate.obj
c:\github\tkengine2\sample\sample_02\tkengine\effekseerruntime130\src\effekseerrendererdx11\debug\effekseerrenderer.ddstextureloader.obj
c:\github\tkengine2\sample\sample_02\tkengine\effekseerruntime130\src\effekseerrendererdx11\debug\effekseerrenderer.renderstatebase.obj
c:\github\tkengine2\sample\sample_02\tkengine\effekseerruntime130\src\effekseerrendererdx11\debug\effekseerrenderer.spriterendererbase.obj
c:\github\tkengine2\sample\sample_02\tkengine\effekseerruntime130\src\effekseerrendererdx11\debug\effekseerrendererdx11.deviceobject.obj
c:\github\tkengine2\sample\sample_02\tkengine\effekseerruntime130\src\effekseerrendererdx11\debug\effekseerrendererdx11.shader.obj
c:\github\tkengine2\sample\sample_02\tkengine\effekseerruntime130\src\effekseerrendererdx11\debug\effekseerrenderer.indexbufferbase.obj
c:\github\tkengine2\sample\sample_02\tkengine\effekseerruntime130\src\effekseerrendererdx11\debug\effekseerrenderer.renderer.obj
c:\github\tkengine2\sample\sample_02\tkengine\effekseerruntime130\src\effekseerrendererdx11\debug\effekseerrenderer.ringrendererbase.obj
c:\github\tkengine2\sample\sample_02\tkengine\effekseerruntime130\src\effekseerrendererdx11\debug\effekseerrendererdx11.indexbuffer.obj
c:\github\tkengine2\sample\sample_02\tkengine\effekseerruntime130\src\effekseerrendererdx11\debug\effekseerrendererdx11.renderer.obj
c:\github\tkengine2\sample\sample_02\tkengine\effekseerruntime130\src\effekseerrendererdx11\debug\effekseerrendererdx11.vertexbuffer.obj
c:\github\tkengine2\sample\sample_02\tkengine\effekseerruntime130\src\effekseerrendererdx11\debug\effekseerrenderer.dxtk.ddstextureloader.obj
c:\github\tkengine2\sample\sample_02\tkengine\effekseerruntime130\src\effekseerrendererdx11\debug\effekseerrenderer.pngtextureloader.obj
c:\github\tkengine2\sample\sample_02\tkengine\effekseerruntime130\src\effekseerrendererdx11\debug\effekseerrenderer.trackrendererbase.obj
c:\github\tkengine2\sample\sample_02\tkengine\effekseerruntime130\src\effekseerrendererdx11\debug\effekseerrendererdx11.modelrenderer.obj
c:\github\tkengine2\sample\sample_02\tkengine\effekseerruntime130\src\effekseerrendererdx11\debug\effekseerrendererdx11.textureloader.obj
c:\github\tkengine2\sample\sample_03\tkengine\effekseerruntime130\src\effekseerrendererdx11\debug\effekseerrenderer.dxtk.ddstextureloader.obj
c:\github\tkengine2\sample\sample_03\tkengine\effekseerruntime130\src\effekseerrendererdx11\debug\effekseerrenderer.renderstatebase.obj
c:\github\tkengine2\sample\sample_03\tkengine\effekseerruntime130\src\effekseerrendererdx11\debug\effekseerrenderer.spriterendererbase.obj
c:\github\tkengine2\sample\sample_03\tkengine\effekseerruntime130\src\effekseerrendererdx11\debug\effekseerrendererdx11.indexbuffer.obj
c:\github\tkengine2\sample\sample_03\tkengine\effekseerruntime130\src\effekseerrendererdx11\debug\effekseerrendererdx11.renderstate.obj
c:\github\tkengine2\sample\sample_03\tkengine\effekseerruntime130\src\effekseerrendererdx11\debug\effekseerrenderer.indexbufferbase.obj
c:\github\tkengine2\sample\sample_03\tkengine\effekseerruntime130\src\effekseerrendererdx11\debug\effekseerrenderer.renderer.obj
c:\github\tkengine2\sample\sample_03\tkengine\effekseerruntime130\src\effekseerrendererdx11\debug\effekseerrenderer.ringrendererbase.obj
c:\github\tkengine2\sample\sample_03\tkengine\effekseerruntime130\src\effekseerrendererdx11\debug\effekseerrendererdx11.deviceobject.obj
c:\github\tkengine2\sample\sample_03\tkengine\effekseerruntime130\src\effekseerrendererdx11\debug\effekseerrendererdx11.renderer.obj
c:\github\tkengine2\sample\sample_03\tkengine\effekseerruntime130\src\effekseerrendererdx11\debug\effekseerrendererdx11.vertexbuffer.obj
c:\github\tkengine2\sample\sample_03\tkengine\effekseerruntime130\src\effekseerrendererdx11\debug\effekseerrenderer.modelrendererbase.obj
c:\github\tkengine2\sample\sample_03\tkengine\effekseerruntime130\src\effekseerrendererdx11\debug\effekseerrenderer.ribbonrendererbase.obj
c:\github\tkengine2\sample\sample_03\tkengine\effekseerruntime130\src\effekseerrendererdx11\debug\effekseerrenderer.trackrendererbase.obj
c:\github\tkengine2\sample\sample_03\tkengine\effekseerruntime130\src\effekseerrendererdx11\debug\effekseerrendererdx11.modelrenderer.obj
c:\github\tkengine2\sample\sample_03\tkengine\effekseerruntime130\src\effekseerrendererdx11\debug\effekseerrendererdx11.shader.obj
c:\github\tkengine2\sample\sample_03\tkengine\effekseerruntime130\src\effekseerrendererdx11\debug\effekseerrenderer.ddstextureloader.obj
c:\github\tkengine2\sample\sample_03\tkengine\effekseerruntime130\src\effekseerrendererdx11\debug\effekseerrenderer.pngtextureloader.obj
c:\github\tkengine2\sample\sample_03\tkengine\effekseerruntime130\src\effekseerrendererdx11\debug\effekseerrenderer.vertexbufferbase.obj
c:\github\tkengine2\sample\sample_03\tkengine\effekseerruntime130\src\effekseerrendererdx11\debug\effekseerrendererdx11.modelloader.obj
c:\github\tkengine2\sample\sample_03\tkengine\effekseerruntime130\src\effekseerrendererdx11\debug\effekseerrendererdx11.textureloader.obj
c:\github\tkengine2\sample\sample_04\tkengine\effekseerruntime130\src\effekseerrendererdx11\debug\effekseerrenderer.indexbufferbase.obj
c:\github\tkengine2\sample\sample_04\tkengine\effekseerruntime130\src\effekseerrendererdx11\debug\effekseerrenderer.renderstatebase.obj
c:\github\tkengine2\sample\sample_04\tkengine\effekseerruntime130\src\effekseerrendererdx11\debug\effekseerrenderer.spriterendererbase.obj
c:\github\tkengine2\sample\sample_04\tkengine\effekseerruntime130\src\effekseerrendererdx11\debug\effekseerrendererdx11.indexbuffer.obj
c:\github\tkengine2\sample\sample_04\tkengine\effekseerruntime130\src\effekseerrendererdx11\debug\effekseerrendererdx11.renderstate.obj
c:\github\tkengine2\sample\sample_04\tkengine\effekseerruntime130\src\effekseerrendererdx11\debug\effekseerrendererdx11.vertexbuffer.obj
c:\github\tkengine2\sample\sample_04\tkengine\effekseerruntime130\src\effekseerrendererdx11\debug\effekseerrenderer.modelrendererbase.obj
c:\github\tkengine2\sample\sample_04\tkengine\effekseerruntime130\src\effekseerrendererdx11\debug\effekseerrenderer.ribbonrendererbase.obj
c:\github\tkengine2\sample\sample_04\tkengine\effekseerruntime130\src\effekseerrendererdx11\debug\effekseerrenderer.trackrendererbase.obj
c:\github\tkengine2\sample\sample_04\tkengine\effekseerruntime130\src\effekseerrendererdx11\debug\effekseerrendererdx11.modelloader.obj
c:\github\tkengine2\sample\sample_04\tkengine\effekseerruntime130\src\effekseerrendererdx11\debug\effekseerrendererdx11.textureloader.obj
c:\github\tkengine2\sample\sample_04\tkengine\effekseerruntime130\src\effekseerrendererdx11\debug\effekseerrenderer.ddstextureloader.obj
c:\github\tkengine2\sample\sample_04\tkengine\effekseerruntime130\src\effekseerrendererdx11\debug\effekseerrenderer.pngtextureloader.obj
c:\github\tkengine2\sample\sample_04\tkengine\effekseerruntime130\src\effekseerrendererdx11\debug\effekseerrenderer.vertexbufferbase.obj
c:\github\tkengine2\sample\sample_04\tkengine\effekseerruntime130\src\effekseerrendererdx11\debug\effekseerrendererdx11.modelrenderer.obj
c:\github\tkengine2\sample\sample_04\tkengine\effekseerruntime130\src\effekseerrendererdx11\debug\effekseerrendererdx11.shader.obj
c:\github\tkengine2\sample\sample_04\tkengine\effekseerruntime130\src\effekseerrendererdx11\debug\effekseerrenderer.dxtk.ddstextureloader.obj
c:\github\tkengine2\sample\sample_04\tkengine\effekseerruntime130\src\effekseerrendererdx11\debug\effekseerrenderer.renderer.obj
c:\github\tkengine2\sample\sample_04\tkengine\effekseerruntime130\src\effekseerrendererdx11\debug\effekseerrenderer.ringrendererbase.obj
c:\github\tkengine2\sample\sample_04\tkengine\effekseerruntime130\src\effekseerrendererdx11\debug\effekseerrendererdx11.deviceobject.obj
c:\github\tkengine2\sample\sample_04\tkengine\effekseerruntime130\src\effekseerrendererdx11\debug\effekseerrendererdx11.renderer.obj
c:\github\tkengine2\sample\sample_05\tkengine\effekseerruntime130\src\lib\x86\effekseerrendererdx11.debug.lib
c:\github\tkengine2\sample\demogame_00\tkengine\effekseerruntime130\src\lib\x86\effekseerrendererdx11.debug.lib
c:\github\tkengine2\sample\sample_01\tkengine\effekseerruntime130\src\lib\x86\effekseerrendererdx11.debug.lib
c:\github\tkengine2\sample\sample_02\tkengine\effekseerruntime130\src\lib\x86\effekseerrendererdx11.debug.lib
c:\github\tkengine2\sample\sample_03\tkengine\effekseerruntime130\src\lib\x86\effekseerrendererdx11.debug.lib
c:\github\tkengine2\sample\sample_04\tkengine\effekseerruntime130\src\lib\x86\effekseerrendererdx11.debug.lib
c:\github\tkengine2\sample\sample_05\tkengine\effekseerruntime130\src\effekseerrendererdx11\..\lib\x86\effekseerrendererdx11.debug.lib
c:\github\tkengine2\sample\sample_05\tkengine\effekseerruntime130\src\effekseerrendererdx11\debug\effeksee.4e7a02cf.tlog\cl.command.1.tlog
c:\github\tkengine2\sample\sample_05\tkengine\effekseerruntime130\src\effekseerrendererdx11\debug\effeksee.4e7a02cf.tlog\cl.read.1.tlog
c:\github\tkengine2\sample\sample_05\tkengine\effekseerruntime130\src\effekseerrendererdx11\debug\effeksee.4e7a02cf.tlog\cl.write.1.tlog
c:\github\tkengine2\sample\sample_05\tkengine\effekseerruntime130\src\effekseerrendererdx11\debug\effeksee.4e7a02cf.tlog\lib-link.read.1.tlog
c:\github\tkengine2\sample\sample_05\tkengine\effekseerruntime130\src\effekseerrendererdx11\debug\effeksee.4e7a02cf.tlog\lib-link.write.1.tlog
c:\github\tkengine2\sample\sample_05\tkengine\effekseerruntime130\src\effekseerrendererdx11\debug\effeksee.4e7a02cf.tlog\lib.command.1.tlog
