  EffekseerRenderer.DDSTextureLoader.cpp
  EffekseerRenderer.DXTK.DDSTextureLoader.cpp
  EffekseerRenderer.IndexBufferBase.cpp
  EffekseerRenderer.ModelRendererBase.cpp
c:\github\tkengine2\sample\sample_20\tkengine\effekseerruntime130\src\effekseerrenderercommon\effekseerrenderer.dxtk.ddstextureloader.cpp(1609): warning C4018: '<': signed と unsigned の数値を比較しようとしました。
c:\github\tkengine2\sample\sample_20\tkengine\effekseerruntime130\src\effekseerrenderercommon\effekseerrenderer.dxtk.ddstextureloader.cpp(1620): warning C4018: '<': signed と unsigned の数値を比較しようとしました。
  EffekseerRenderer.PngTextureLoader.cpp
  EffekseerRenderer.Renderer.cpp
  EffekseerRenderer.RenderStateBase.cpp
  EffekseerRenderer.RibbonRendererBase.cpp
  EffekseerRenderer.RingRendererBase.cpp
c:\github\tkengine2\sample\sample_20\tkengine\effekseerruntime130\src\effekseerrenderercommon\effekseerrenderer.pngtextureloader.cpp(14): warning C4005: 'WINVER': マクロが再定義されました。
  c:\program files (x86)\windows kits\10\include\10.0.16299.0\shared\sdkddkver.h(236): note: 'WINVER' の以前の定義を確認してください (ソース ファイルをコンパイルしています ..\EffekseerRendererCommon\EffekseerRenderer.PngTextureLoader.cpp)
c:\github\tkengine2\sample\sample_20\tkengine\effekseerruntime130\src\effekseerrenderercommon\effekseerrenderer.pngtextureloader.cpp(15): warning C4005: '_WIN32_WINNT': マクロが再定義されました。
  c:\program files (x86)\windows kits\10\include\10.0.16299.0\shared\sdkddkver.h(215): note: '_WIN32_WINNT' の以前の定義を確認してください (ソース ファイルをコンパイルしています ..\EffekseerRendererCommon\EffekseerRenderer.PngTextureLoader.cpp)
  EffekseerRenderer.SpriteRendererBase.cpp
  EffekseerRenderer.TrackRendererBase.cpp
  EffekseerRenderer.VertexBufferBase.cpp
  EffekseerRendererDX11.DeviceObject.cpp
  EffekseerRendererDX11.IndexBuffer.cpp
  EffekseerRendererDX11.ModelLoader.cpp
  EffekseerRendererDX11.ModelRenderer.cpp
c:\github\tkengine2\sample\sample_20\tkengine\effekseerruntime130\src\effekseerrendererdx11\effekseerrenderer\effekseerrendererdx11.modelloader.cpp(50): warning C4101: 'hr': ローカル変数は 1 度も使われていません。
  EffekseerRendererDX11.Renderer.cpp
  EffekseerRendererDX11.RenderState.cpp
  EffekseerRendererDX11.Shader.cpp
  EffekseerRendererDX11.TextureLoader.cpp
  EffekseerRendererDX11.VertexBuffer.cpp
c:\github\tkengine2\sample\sample_20\tkengine\effekseerruntime130\src\effekseerrenderercommon\effekseerrenderer.standardrenderer.h(117): warning C4018: '>': signed と unsigned の数値を比較しようとしました。 (ソース ファイルをコンパイルしています EffekseerRenderer\EffekseerRendererDX11.Renderer.cpp)
  c:\github\tkengine2\sample\sample_20\tkengine\effekseerruntime130\src\effekseerrenderercommon\effekseerrenderer.standardrenderer.h(114): note: クラス テンプレート のメンバー関数 'void EffekseerRenderer::StandardRenderer<EffekseerRendererDX11::RendererImplemented,EffekseerRendererDX11::Shader,EffekseerRendererDX11::Vertex,EffekseerRendererDX11::VertexDistortion>::BeginRenderingAndRenderingIfRequired(int32_t,int32_t &,void *&)' のコンパイル中 (ソース ファイルをコンパイルしています EffekseerRenderer\EffekseerRendererDX11.Renderer.cpp)
  c:\github\tkengine2\sample\sample_20\tkengine\effekseerruntime130\src\effekseerrenderercommon\effekseerrenderer.trackrendererbase.h(105): note: コンパイル対象の関数 テンプレート インスタンス化 'void EffekseerRenderer::StandardRenderer<EffekseerRendererDX11::RendererImplemented,EffekseerRendererDX11::Shader,EffekseerRendererDX11::Vertex,EffekseerRendererDX11::VertexDistortion>::BeginRenderingAndRenderingIfRequired(int32_t,int32_t &,void *&)' のリファレンスを確認してください (ソース ファイルをコンパイルしています EffekseerRenderer\EffekseerRendererDX11.Renderer.cpp)
  c:\github\tkengine2\sample\sample_20\tkengine\effekseerruntime130\src\effekseerrendererdx11\effekseerrenderer\effekseerrendererdx11.renderer.cpp(294): note: コンパイル対象の クラス テンプレート インスタンス化 'EffekseerRenderer::StandardRenderer<EffekseerRendererDX11::RendererImplemented,EffekseerRendererDX11::Shader,EffekseerRendererDX11::Vertex,EffekseerRendererDX11::VertexDistortion>' のリファレンスを確認してください
c:\github\tkengine2\sample\sample_20\tkengine\effekseerruntime130\src\effekseerrenderercommon\effekseerrenderer.standardrenderer.h(129): warning C4018: '>': signed と unsigned の数値を比較しようとしました。 (ソース ファイルをコンパイルしています EffekseerRenderer\EffekseerRendererDX11.Renderer.cpp)
EffekseerRenderer.TrackRendererBase.obj : warning LNK4221: このオブジェクト ファイルは、以前に未定義であったパブリック シンボルを定義していないため、このライブラリを使用するリンク操作では使用されません
EffekseerRenderer.SpriteRendererBase.obj : warning LNK4221: このオブジェクト ファイルは、以前に未定義であったパブリック シンボルを定義していないため、このライブラリを使用するリンク操作では使用されません
EffekseerRenderer.RingRendererBase.obj : warning LNK4221: このオブジェクト ファイルは、以前に未定義であったパブリック シンボルを定義していないため、このライブラリを使用するリンク操作では使用されません
EffekseerRenderer.RibbonRendererBase.obj : warning LNK4221: このオブジェクト ファイルは、以前に未定義であったパブリック シンボルを定義していないため、このライブラリを使用するリンク操作では使用されません
EffekseerRenderer.Renderer.obj : warning LNK4221: このオブジェクト ファイルは、以前に未定義であったパブリック シンボルを定義していないため、このライブラリを使用するリンク操作では使用されません
  EffekseerRendererDX11.vcxproj -> C:\GitHub\tkEngine2\Sample\Sample_20\tkEngine\EffekseerRuntime130\src\EffekseerRendererDX11\..\lib\x86\EffekseerRendererDX11.Debug.lib
